<?xml version="1.0" encoding="UTF-8"?>
<testng-results skipped="0" failed="0" total="3" passed="3">
  <reporter-output>
  </reporter-output>
  <suite name="TestNGMod06" duration-ms="86" started-at="2017-05-28T18:04:55Z" finished-at="2017-05-28T18:04:55Z">
    <groups>
    </groups>
    <test name="TestNGMod06" duration-ms="86" started-at="2017-05-28T18:04:55Z" finished-at="2017-05-28T18:04:55Z">
      <class name="core.NewTest">
        <test-method status="PASS" signature="test()[pri:0, instance:core.NewTest@6d78f375]" name="test" duration-ms="22" started-at="2017-05-28T11:04:55Z" finished-at="2017-05-28T11:04:55Z">
          <reporter-output>
          </reporter-output>
        </test-method> <!-- test -->
        <test-method status="PASS" signature="testHW06()[pri:0, instance:core.NewTest@6d78f375]" name="testHW06" duration-ms="6" started-at="2017-05-28T11:04:55Z" finished-at="2017-05-28T11:04:55Z">
          <reporter-output>
          </reporter-output>
        </test-method> <!-- testHW06 -->
        <test-method status="PASS" signature="testHW06_02()[pri:0, instance:core.NewTest@6d78f375]" name="testHW06_02" duration-ms="4" started-at="2017-05-28T11:04:55Z" finished-at="2017-05-28T11:04:55Z">
          <reporter-output>
          </reporter-output>
        </test-method> <!-- testHW06_02 -->
      </class> <!-- core.NewTest -->
    </test> <!-- TestNGMod06 -->
  </suite> <!-- TestNGMod06 -->
</testng-results>
